
Dec 27, 2019 12:41:50.17 NEW SESSION
Dec 27, 2019 12:41:50.17 Opening in existing browser session.
Dec 27, 2019 12:44:56.59 Opening in existing browser session.
Dec 27, 2019 12:48:25.63 [17936:1:1227/124825.637993:ERROR:child_process_sandbox_support_impl_linux.cc(79)] FontService unique font name matching request did not receive a response.
Dec 27, 2019 12:48:25.63 [17936:1:1227/124825.638883:ERROR:child_process_sandbox_support_impl_linux.cc(79)] FontService unique font name matching request did not receive a response.
Dec 27, 2019 12:49:58.57 [18051:1:1227/124958.575488:ERROR:child_process_sandbox_support_impl_linux.cc(79)] FontService unique font name matching request did not receive a response.
Dec 27, 2019 12:49:58.57 [18051:1:1227/124958.576011:ERROR:child_process_sandbox_support_impl_linux.cc(79)] FontService unique font name matching request did not receive a response.
Dec 27, 2019 12:50:00.99 [18083:1:1227/125000.999369:ERROR:child_process_sandbox_support_impl_linux.cc(79)] FontService unique font name matching request did not receive a response.
Dec 27, 2019 12:50:01.00 [18083:1:1227/125000.999958:ERROR:child_process_sandbox_support_impl_linux.cc(79)] FontService unique font name matching request did not receive a response.
Dec 27, 2019 12:50:01.00 [18083:1:1227/125001.001073:ERROR:child_process_sandbox_support_impl_linux.cc(79)] FontService unique font name matching request did not receive a response.
Dec 27, 2019 12:50:01.00 [18083:1:1227/125001.001676:ERROR:child_process_sandbox_support_impl_linux.cc(79)] FontService unique font name matching request did not receive a response.
Dec 27, 2019 12:50:02.35 [18083:1:1227/125002.338080:ERROR:child_process_sandbox_support_impl_linux.cc(79)] FontService unique font name matching request did not receive a response.
Dec 27, 2019 12:50:05.31 [18083:1:1227/125005.312734:ERROR:child_process_sandbox_support_impl_linux.cc(79)] FontService unique font name matching request did not receive a response.
Dec 27, 2019 12:50:05.31 [18083:1:1227/125005.313298:ERROR:child_process_sandbox_support_impl_linux.cc(79)] FontService unique font name matching request did not receive a response.
Dec 27, 2019 12:50:05.31 [18083:1:1227/125005.314493:ERROR:child_process_sandbox_support_impl_linux.cc(79)] FontService unique font name matching request did not receive a response.
Dec 27, 2019 12:50:05.31 [18083:1:1227/125005.315028:ERROR:child_process_sandbox_support_impl_linux.cc(79)] FontService unique font name matching request did not receive a response.
Dec 27, 2019 12:52:05.67 [18192:1:1227/125205.670401:ERROR:child_process_sandbox_support_impl_linux.cc(79)] FontService unique font name matching request did not receive a response.
Dec 27, 2019 12:52:05.67 [18192:1:1227/125205.670929:ERROR:child_process_sandbox_support_impl_linux.cc(79)] FontService unique font name matching request did not receive a response.
Dec 27, 2019 12:52:13.63 [18241:1:1227/125213.631370:ERROR:child_process_sandbox_support_impl_linux.cc(79)] FontService unique font name matching request did not receive a response.
Dec 27, 2019 12:52:13.63 [18241:1:1227/125213.632570:ERROR:child_process_sandbox_support_impl_linux.cc(79)] FontService unique font name matching request did not receive a response.
Dec 27, 2019 12:52:13.63 [18241:1:1227/125213.634421:ERROR:child_process_sandbox_support_impl_linux.cc(79)] FontService unique font name matching request did not receive a response.
Dec 27, 2019 12:52:13.63 [18241:1:1227/125213.635395:ERROR:child_process_sandbox_support_impl_linux.cc(79)] FontService unique font name matching request did not receive a response.
Dec 27, 2019 12:55:31.65 Opening in existing browser session.
Dec 27, 2019 12:56:10.51 [18792:1:1227/125610.514146:ERROR:child_process_sandbox_support_impl_linux.cc(79)] FontService unique font name matching request did not receive a response.
Dec 27, 2019 12:56:10.51 [18792:1:1227/125610.515771:ERROR:child_process_sandbox_support_impl_linux.cc(79)] FontService unique font name matching request did not receive a response.
Dec 27, 2019 12:59:41.81 [19070:1:1227/125941.814741:ERROR:child_process_sandbox_support_impl_linux.cc(79)] FontService unique font name matching request did not receive a response.
Dec 27, 2019 12:59:41.81 [19070:1:1227/125941.815279:ERROR:child_process_sandbox_support_impl_linux.cc(79)] FontService unique font name matching request did not receive a response.
Dec 27, 2019 12:59:41.81 [19070:1:1227/125941.815995:ERROR:child_process_sandbox_support_impl_linux.cc(79)] FontService unique font name matching request did not receive a response.
Dec 27, 2019 12:59:41.81 [19070:1:1227/125941.816452:ERROR:child_process_sandbox_support_impl_linux.cc(79)] FontService unique font name matching request did not receive a response.
Dec 27, 2019 12:59:44.06 [19070:1:1227/125944.066682:ERROR:child_process_sandbox_support_impl_linux.cc(79)] FontService unique font name matching request did not receive a response.
Dec 27, 2019 12:59:55.95 [19070:1:1227/125955.957511:ERROR:child_process_sandbox_support_impl_linux.cc(79)] FontService unique font name matching request did not receive a response.
Dec 27, 2019 12:59:55.95 [19070:1:1227/125955.958531:ERROR:child_process_sandbox_support_impl_linux.cc(79)] FontService unique font name matching request did not receive a response.
Dec 27, 2019 13:01:03.48 [19141:1:1227/130103.484065:ERROR:child_process_sandbox_support_impl_linux.cc(79)] FontService unique font name matching request did not receive a response.
Dec 27, 2019 13:01:03.48 [19141:1:1227/130103.484779:ERROR:child_process_sandbox_support_impl_linux.cc(79)] FontService unique font name matching request did not receive a response.
Dec 27, 2019 13:01:03.48 [19141:1:1227/130103.486050:ERROR:child_process_sandbox_support_impl_linux.cc(79)] FontService unique font name matching request did not receive a response.
Dec 27, 2019 13:01:03.48 [19141:1:1227/130103.487076:ERROR:child_process_sandbox_support_impl_linux.cc(79)] FontService unique font name matching request did not receive a response.
Dec 27, 2019 13:01:05.13 [19141:1:1227/130105.138488:ERROR:child_process_sandbox_support_impl_linux.cc(79)] FontService unique font name matching request did not receive a response.
Dec 27, 2019 13:03:10.47 [19141:1:1227/130310.476809:ERROR:child_process_sandbox_support_impl_linux.cc(79)] FontService unique font name matching request did not receive a response.
Dec 27, 2019 13:03:10.47 [19141:1:1227/130310.477689:ERROR:child_process_sandbox_support_impl_linux.cc(79)] FontService unique font name matching request did not receive a response.
Dec 27, 2019 13:05:01.24 [19237:1:1227/130501.247490:ERROR:child_process_sandbox_support_impl_linux.cc(79)] FontService unique font name matching request did not receive a response.
Dec 27, 2019 13:05:01.24 [19237:1:1227/130501.248324:ERROR:child_process_sandbox_support_impl_linux.cc(79)] FontService unique font name matching request did not receive a response.
Dec 27, 2019 13:05:01.25 [19237:1:1227/130501.252436:ERROR:child_process_sandbox_support_impl_linux.cc(79)] FontService unique font name matching request did not receive a response.
Dec 27, 2019 13:05:01.25 [19237:1:1227/130501.253482:ERROR:child_process_sandbox_support_impl_linux.cc(79)] FontService unique font name matching request did not receive a response.
Dec 27, 2019 13:05:03.06 [19237:1:1227/130503.067538:ERROR:child_process_sandbox_support_impl_linux.cc(79)] FontService unique font name matching request did not receive a response.
Dec 27, 2019 13:16:16.77 [19363:1:1227/131616.774950:ERROR:child_process_sandbox_support_impl_linux.cc(79)] FontService unique font name matching request did not receive a response.
Dec 27, 2019 13:16:16.77 [19363:1:1227/131616.776103:ERROR:child_process_sandbox_support_impl_linux.cc(79)] FontService unique font name matching request did not receive a response.
Dec 27, 2019 13:16:19.91 [19101:1:1227/131619.910764:ERROR:child_process_sandbox_support_impl_linux.cc(79)] FontService unique font name matching request did not receive a response.
Dec 27, 2019 13:16:19.91 [19101:1:1227/131619.912064:ERROR:child_process_sandbox_support_impl_linux.cc(79)] FontService unique font name matching request did not receive a response.
Dec 27, 2019 13:16:19.91 [19101:1:1227/131619.915513:ERROR:child_process_sandbox_support_impl_linux.cc(79)] FontService unique font name matching request did not receive a response.
Dec 27, 2019 13:16:19.91 [19101:1:1227/131619.919605:ERROR:child_process_sandbox_support_impl_linux.cc(79)] FontService unique font name matching request did not receive a response.
Dec 27, 2019 13:16:19.92 [19101:1:1227/131619.926800:ERROR:child_process_sandbox_support_impl_linux.cc(79)] FontService unique font name matching request did not receive a response.
Dec 27, 2019 13:16:19.92 [19101:1:1227/131619.929130:ERROR:child_process_sandbox_support_impl_linux.cc(79)] FontService unique font name matching request did not receive a response.
Dec 27, 2019 13:16:21.50 [19398:1:1227/131621.501491:ERROR:child_process_sandbox_support_impl_linux.cc(79)] FontService unique font name matching request did not receive a response.
Dec 27, 2019 13:16:21.50 [19398:1:1227/131621.502440:ERROR:child_process_sandbox_support_impl_linux.cc(79)] FontService unique font name matching request did not receive a response.
Dec 27, 2019 13:16:21.50 [19398:1:1227/131621.503548:ERROR:child_process_sandbox_support_impl_linux.cc(79)] FontService unique font name matching request did not receive a response.
Dec 27, 2019 13:16:21.50 [19398:1:1227/131621.504189:ERROR:child_process_sandbox_support_impl_linux.cc(79)] FontService unique font name matching request did not receive a response.
Dec 27, 2019 13:16:22.20 Fontconfig error: Cannot load default config file
Dec 27, 2019 13:26:12.87 Nautilus-Share-Message: 13:26:12.870: Called "net usershare info" but it failed: Failed to execute child process “net” (No such file or directory)
Dec 27, 2019 13:32:58.29 [19916:1:1227/133258.290493:ERROR:child_process_sandbox_support_impl_linux.cc(79)] FontService unique font name matching request did not receive a response.
Dec 27, 2019 13:32:58.29 [19916:1:1227/133258.293831:ERROR:child_process_sandbox_support_impl_linux.cc(79)] FontService unique font name matching request did not receive a response.
Dec 27, 2019 13:33:00.73 [19949:1:1227/133300.737750:ERROR:child_process_sandbox_support_impl_linux.cc(79)] FontService unique font name matching request did not receive a response.
Dec 27, 2019 13:33:00.73 [19949:1:1227/133300.738266:ERROR:child_process_sandbox_support_impl_linux.cc(79)] FontService unique font name matching request did not receive a response.
Dec 27, 2019 13:33:00.73 [19949:1:1227/133300.739385:ERROR:child_process_sandbox_support_impl_linux.cc(79)] FontService unique font name matching request did not receive a response.
Dec 27, 2019 13:33:00.73 [19949:1:1227/133300.739792:ERROR:child_process_sandbox_support_impl_linux.cc(79)] FontService unique font name matching request did not receive a response.
Dec 27, 2019 13:33:01.95 [19949:1:1227/133301.958809:ERROR:child_process_sandbox_support_impl_linux.cc(79)] FontService unique font name matching request did not receive a response.
Dec 27, 2019 13:33:04.80 [19949:1:1227/133304.803790:ERROR:child_process_sandbox_support_impl_linux.cc(79)] FontService unique font name matching request did not receive a response.
Dec 27, 2019 13:33:04.80 [19949:1:1227/133304.804460:ERROR:child_process_sandbox_support_impl_linux.cc(79)] FontService unique font name matching request did not receive a response.
Dec 27, 2019 13:33:06.46 [19949:1:1227/133306.469128:ERROR:child_process_sandbox_support_impl_linux.cc(79)] FontService unique font name matching request did not receive a response.
Dec 27, 2019 13:33:06.56 [19949:1:1227/133306.469806:ERROR:child_process_sandbox_support_impl_linux.cc(79)] FontService unique font name matching request did not receive a response.
Dec 27, 2019 13:33:12.87 [19549:1:1227/133312.870490:ERROR:child_process_sandbox_support_impl_linux.cc(79)] FontService unique font name matching request did not receive a response.
Dec 27, 2019 13:33:12.87 [19549:1:1227/133312.871505:ERROR:child_process_sandbox_support_impl_linux.cc(79)] FontService unique font name matching request did not receive a response.
Dec 27, 2019 13:33:12.87 [19549:1:1227/133312.876573:ERROR:child_process_sandbox_support_impl_linux.cc(79)] FontService unique font name matching request did not receive a response.
Dec 27, 2019 13:33:12.87 [19549:1:1227/133312.878765:ERROR:child_process_sandbox_support_impl_linux.cc(79)] FontService unique font name matching request did not receive a response.
Dec 27, 2019 13:38:53.94 Opening in existing browser session.
Dec 27, 2019 13:45:57.11 [20728:1:1227/134557.114798:ERROR:child_process_sandbox_support_impl_linux.cc(79)] FontService unique font name matching request did not receive a response.
Dec 27, 2019 13:45:57.11 [20728:1:1227/134557.115483:ERROR:child_process_sandbox_support_impl_linux.cc(79)] FontService unique font name matching request did not receive a response.
Dec 27, 2019 13:47:50.37 Opening in existing browser session.
Dec 27, 2019 13:54:15.86 [21114:1:1227/135415.864673:ERROR:child_process_sandbox_support_impl_linux.cc(79)] FontService unique font name matching request did not receive a response.
Dec 27, 2019 13:54:15.86 [21114:1:1227/135415.865260:ERROR:child_process_sandbox_support_impl_linux.cc(79)] FontService unique font name matching request did not receive a response.
Dec 27, 2019 13:54:18.59 [21153:1:1227/135418.596208:ERROR:child_process_sandbox_support_impl_linux.cc(79)] FontService unique font name matching request did not receive a response.
Dec 27, 2019 13:54:18.59 [21153:1:1227/135418.597370:ERROR:child_process_sandbox_support_impl_linux.cc(79)] FontService unique font name matching request did not receive a response.
Dec 27, 2019 13:54:18.59 [21153:1:1227/135418.598677:ERROR:child_process_sandbox_support_impl_linux.cc(79)] FontService unique font name matching request did not receive a response.
Dec 27, 2019 13:54:18.60 [21153:1:1227/135418.600032:ERROR:child_process_sandbox_support_impl_linux.cc(79)] FontService unique font name matching request did not receive a response.
Dec 27, 2019 13:54:19.56 [21153:1:1227/135419.567563:ERROR:child_process_sandbox_support_impl_linux.cc(79)] FontService unique font name matching request did not receive a response.
Dec 27, 2019 13:54:22.37 [21153:1:1227/135422.379502:ERROR:child_process_sandbox_support_impl_linux.cc(79)] FontService unique font name matching request did not receive a response.
Dec 27, 2019 13:54:22.38 [21153:1:1227/135422.380090:ERROR:child_process_sandbox_support_impl_linux.cc(79)] FontService unique font name matching request did not receive a response.
Dec 27, 2019 13:54:22.38 [21153:1:1227/135422.381276:ERROR:child_process_sandbox_support_impl_linux.cc(79)] FontService unique font name matching request did not receive a response.
Dec 27, 2019 13:54:22.38 [21153:1:1227/135422.382201:ERROR:child_process_sandbox_support_impl_linux.cc(79)] FontService unique font name matching request did not receive a response.
Dec 27, 2019 13:54:38.87 [19549:1:1227/135438.871227:ERROR:child_process_sandbox_support_impl_linux.cc(79)] FontService unique font name matching request did not receive a response.
Dec 27, 2019 13:54:38.87 [19549:1:1227/135438.872529:ERROR:child_process_sandbox_support_impl_linux.cc(79)] FontService unique font name matching request did not receive a response.
Dec 27, 2019 13:58:20.63 [21288:1:1227/135820.638657:ERROR:child_process_sandbox_support_impl_linux.cc(79)] FontService unique font name matching request did not receive a response.
Dec 27, 2019 13:58:20.64 [21288:1:1227/135820.639780:ERROR:child_process_sandbox_support_impl_linux.cc(79)] FontService unique font name matching request did not receive a response.
Dec 27, 2019 13:58:21.94 [21327:1:1227/135821.945593:ERROR:child_process_sandbox_support_impl_linux.cc(79)] FontService unique font name matching request did not receive a response.
Dec 27, 2019 13:58:21.94 [21327:1:1227/135821.946160:ERROR:child_process_sandbox_support_impl_linux.cc(79)] FontService unique font name matching request did not receive a response.
Dec 27, 2019 13:58:21.94 [21327:1:1227/135821.947219:ERROR:child_process_sandbox_support_impl_linux.cc(79)] FontService unique font name matching request did not receive a response.
Dec 27, 2019 13:58:21.94 [21327:1:1227/135821.948439:ERROR:child_process_sandbox_support_impl_linux.cc(79)] FontService unique font name matching request did not receive a response.
Dec 27, 2019 13:58:23.12 [21327:1:1227/135823.124430:ERROR:child_process_sandbox_support_impl_linux.cc(79)] FontService unique font name matching request did not receive a response.
Dec 27, 2019 13:58:23.68 [21327:1:1227/135823.686092:ERROR:child_process_sandbox_support_impl_linux.cc(79)] FontService unique font name matching request did not receive a response.
Dec 27, 2019 13:58:23.68 [21327:1:1227/135823.686793:ERROR:child_process_sandbox_support_impl_linux.cc(79)] FontService unique font name matching request did not receive a response.
Dec 27, 2019 13:58:25.85 [21327:1:1227/135825.859408:ERROR:child_process_sandbox_support_impl_linux.cc(79)] FontService unique font name matching request did not receive a response.
Dec 27, 2019 13:58:25.86 [21327:1:1227/135825.860637:ERROR:child_process_sandbox_support_impl_linux.cc(79)] FontService unique font name matching request did not receive a response.
Dec 27, 2019 14:00:26.93 [21339:1:1227/140026.935514:ERROR:child_process_sandbox_support_impl_linux.cc(79)] FontService unique font name matching request did not receive a response.
Dec 27, 2019 14:00:26.93 [21339:1:1227/140026.936058:ERROR:child_process_sandbox_support_impl_linux.cc(79)] FontService unique font name matching request did not receive a response.
Dec 27, 2019 14:00:26.93 [21339:1:1227/140026.937378:ERROR:child_process_sandbox_support_impl_linux.cc(79)] FontService unique font name matching request did not receive a response.
Dec 27, 2019 14:00:26.93 [21339:1:1227/140026.938382:ERROR:child_process_sandbox_support_impl_linux.cc(79)] FontService unique font name matching request did not receive a response.
Dec 27, 2019 14:00:27.91 [21339:1:1227/140027.911661:ERROR:child_process_sandbox_support_impl_linux.cc(79)] FontService unique font name matching request did not receive a response.
Dec 27, 2019 14:00:28.63 [21339:1:1227/140028.632820:ERROR:child_process_sandbox_support_impl_linux.cc(79)] FontService unique font name matching request did not receive a response.
Dec 27, 2019 14:00:28.63 [21339:1:1227/140028.633375:ERROR:child_process_sandbox_support_impl_linux.cc(79)] FontService unique font name matching request did not receive a response.
Dec 27, 2019 14:05:04.28 [21531:1:1227/140504.288382:ERROR:child_process_sandbox_support_impl_linux.cc(79)] FontService unique font name matching request did not receive a response.
Dec 27, 2019 14:05:04.29 [21531:1:1227/140504.291334:ERROR:child_process_sandbox_support_impl_linux.cc(79)] FontService unique font name matching request did not receive a response.
Dec 27, 2019 14:10:36.30 [19141:1:1227/141036.304946:ERROR:child_process_sandbox_support_impl_linux.cc(79)] FontService unique font name matching request did not receive a response.
Dec 27, 2019 14:10:36.30 [19141:1:1227/141036.305431:ERROR:child_process_sandbox_support_impl_linux.cc(79)] FontService unique font name matching request did not receive a response.
Dec 27, 2019 14:10:48.12 [21760:1:1227/141048.120876:ERROR:child_process_sandbox_support_impl_linux.cc(79)] FontService unique font name matching request did not receive a response.
Dec 27, 2019 14:10:48.12 [21760:1:1227/141048.122015:ERROR:child_process_sandbox_support_impl_linux.cc(79)] FontService unique font name matching request did not receive a response.
Dec 27, 2019 14:10:49.22 [21792:1:1227/141049.220529:ERROR:child_process_sandbox_support_impl_linux.cc(79)] FontService unique font name matching request did not receive a response.
Dec 27, 2019 14:10:49.22 [21792:1:1227/141049.221331:ERROR:child_process_sandbox_support_impl_linux.cc(79)] FontService unique font name matching request did not receive a response.
Dec 27, 2019 14:10:49.22 [21792:1:1227/141049.222501:ERROR:child_process_sandbox_support_impl_linux.cc(79)] FontService unique font name matching request did not receive a response.
Dec 27, 2019 14:10:49.22 [21792:1:1227/141049.223146:ERROR:child_process_sandbox_support_impl_linux.cc(79)] FontService unique font name matching request did not receive a response.
Dec 27, 2019 14:10:50.20 [21792:1:1227/141050.208277:ERROR:child_process_sandbox_support_impl_linux.cc(79)] FontService unique font name matching request did not receive a response.
Dec 27, 2019 14:12:54.76 [17093:17093:1227/141254.766633:ERROR:gcm_channel_status_request.cc(145)] GCM channel request failed.
Dec 27, 2019 14:13:19.93 Fontconfig error: Cannot load default config file
Dec 27, 2019 14:13:39.22 [21897:1:1227/141339.224944:ERROR:child_process_sandbox_support_impl_linux.cc(79)] FontService unique font name matching request did not receive a response.
Dec 27, 2019 14:13:39.22 [21897:1:1227/141339.225528:ERROR:child_process_sandbox_support_impl_linux.cc(79)] FontService unique font name matching request did not receive a response.
Dec 27, 2019 14:14:16.26 [17093:17093:1227/141416.262345:ERROR:gcm_channel_status_request.cc(145)] GCM channel request failed.
Dec 27, 2019 14:15:53.17 [17093:17093:1227/141553.178761:ERROR:gcm_channel_status_request.cc(145)] GCM channel request failed.
Dec 27, 2019 14:18:12.01 [17093:17093:1227/141812.016384:ERROR:gcm_channel_status_request.cc(145)] GCM channel request failed.
Dec 27, 2019 14:18:54.73 [17093:17114:1227/141854.736573:ERROR:socket_stream.cc(218)] Closing stream with result -2
Dec 27, 2019 14:19:14.76 [17093:17114:1227/141914.760483:ERROR:connection_factory_impl.cc(418)] Failed to connect to MCS endpoint with error -105
Dec 27, 2019 14:19:56.97 [17093:17114:1227/141956.970711:ERROR:connection_factory_impl.cc(418)] Failed to connect to MCS endpoint with error -105
Dec 27, 2019 14:21:10.87 [17093:17114:1227/142110.876345:ERROR:connection_factory_impl.cc(418)] Failed to connect to MCS endpoint with error -105
Dec 27, 2019 14:22:22.68 [17093:17093:1227/142222.680490:ERROR:gcm_channel_status_request.cc(145)] GCM channel request failed.
Dec 27, 2019 14:22:47.89 [17093:17114:1227/142247.893233:ERROR:connection_factory_impl.cc(418)] Failed to connect to MCS endpoint with error -105
Dec 27, 2019 14:22:49.38 [17093:17114:1227/142249.381288:ERROR:connection_factory_impl.cc(418)] Failed to connect to MCS endpoint with error -105
Dec 27, 2019 14:22:56.21 [17093:17114:1227/142256.214881:ERROR:connection_factory_impl.cc(418)] Failed to connect to MCS endpoint with error -105
Dec 27, 2019 14:24:20.84 [17093:17114:1227/142420.845140:ERROR:connection_factory_impl.cc(418)] Failed to connect to MCS endpoint with error -105
Dec 27, 2019 14:24:33.47 [17093:17114:1227/142433.472142:ERROR:connection_factory_impl.cc(418)] Failed to connect to MCS endpoint with error -105
Dec 27, 2019 14:24:36.67 [17093:17114:1227/142436.676575:ERROR:connection_factory_impl.cc(418)] Failed to connect to MCS endpoint with error -105
Dec 27, 2019 14:25:04.79 [17093:17114:1227/142504.791465:ERROR:connection_factory_impl.cc(418)] Failed to connect to MCS endpoint with error -105
Dec 27, 2019 14:25:06.57 [17093:17114:1227/142506.576785:ERROR:connection_factory_impl.cc(418)] Failed to connect to MCS endpoint with error -105
Dec 27, 2019 14:25:49.79 [17093:17114:1227/142549.798037:ERROR:connection_factory_impl.cc(418)] Failed to connect to MCS endpoint with error -105
Dec 27, 2019 14:25:51.02 [17093:17114:1227/142551.021732:ERROR:connection_factory_impl.cc(418)] Failed to connect to MCS endpoint with error -105
Dec 27, 2019 14:26:54.14 [22323:1:1227/142654.145202:ERROR:child_process_sandbox_support_impl_linux.cc(79)] FontService unique font name matching request did not receive a response.
Dec 27, 2019 14:26:54.14 [22323:1:1227/142654.145700:ERROR:child_process_sandbox_support_impl_linux.cc(79)] FontService unique font name matching request did not receive a response.
Dec 27, 2019 14:26:56.53 [22358:1:1227/142656.533292:ERROR:child_process_sandbox_support_impl_linux.cc(79)] FontService unique font name matching request did not receive a response.
Dec 27, 2019 14:26:56.53 [22358:1:1227/142656.533808:ERROR:child_process_sandbox_support_impl_linux.cc(79)] FontService unique font name matching request did not receive a response.
Dec 27, 2019 14:26:56.59 [22358:1:1227/142656.598291:ERROR:child_process_sandbox_support_impl_linux.cc(79)] FontService unique font name matching request did not receive a response.
Dec 27, 2019 14:26:56.59 [22358:1:1227/142656.598827:ERROR:child_process_sandbox_support_impl_linux.cc(79)] FontService unique font name matching request did not receive a response.
Dec 27, 2019 14:26:56.73 [22358:1:1227/142656.737450:ERROR:child_process_sandbox_support_impl_linux.cc(79)] FontService unique font name matching request did not receive a response.
Dec 27, 2019 14:26:56.73 [22358:1:1227/142656.738023:ERROR:child_process_sandbox_support_impl_linux.cc(79)] FontService unique font name matching request did not receive a response.
Dec 27, 2019 14:26:57.85 [22358:1:1227/142657.856221:ERROR:child_process_sandbox_support_impl_linux.cc(79)] FontService unique font name matching request did not receive a response.
Dec 27, 2019 14:26:57.85 [22358:1:1227/142657.857043:ERROR:child_process_sandbox_support_impl_linux.cc(79)] FontService unique font name matching request did not receive a response.
Dec 27, 2019 14:26:57.85 [22358:1:1227/142657.858086:ERROR:child_process_sandbox_support_impl_linux.cc(79)] FontService unique font name matching request did not receive a response.
Dec 27, 2019 14:26:57.85 [22358:1:1227/142657.858650:ERROR:child_process_sandbox_support_impl_linux.cc(79)] FontService unique font name matching request did not receive a response.
Dec 27, 2019 14:34:34.40 Opening in existing browser session.
Dec 27, 2019 14:52:42.81 Opening in existing browser session.
Dec 27, 2019 15:05:50.46 Opening in existing browser session.
Dec 27, 2019 15:11:23.98 Opening in existing browser session.
Dec 27, 2019 15:12:35.84 Opening in existing browser session.
Dec 27, 2019 15:17:48.43 [24506:1:1227/151748.439180:ERROR:child_process_sandbox_support_impl_linux.cc(79)] FontService unique font name matching request did not receive a response.
Dec 27, 2019 15:17:48.44 [24506:1:1227/151748.440248:ERROR:child_process_sandbox_support_impl_linux.cc(79)] FontService unique font name matching request did not receive a response.
Dec 27, 2019 15:17:58.35 [17093:17093:1227/151758.357030:ERROR:page_load_metrics_update_dispatcher.cc(165)] Invalid first_paint 0.691 s for first_image_paint 0.674 s
Dec 27, 2019 15:17:59.36 [17093:17093:1227/151759.362481:ERROR:page_load_metrics_update_dispatcher.cc(165)] Invalid first_paint 0.691 s for first_image_paint 0.674 s
Dec 27, 2019 15:18:00.58 [17093:17093:1227/151800.585338:ERROR:page_load_metrics_update_dispatcher.cc(165)] Invalid first_paint 0.691 s for first_image_paint 0.674 s
Dec 27, 2019 15:18:01.60 [17093:17093:1227/151801.608277:ERROR:page_load_metrics_update_dispatcher.cc(165)] Invalid first_paint 0.691 s for first_image_paint 0.674 s
Dec 27, 2019 15:18:03.05 [17093:17093:1227/151803.052429:ERROR:page_load_metrics_update_dispatcher.cc(165)] Invalid first_paint 0.691 s for first_image_paint 0.674 s
Dec 27, 2019 15:19:15.49 [17134:17139:1227/151915.494649:ERROR:ssl_client_socket_impl.cc(935)] handshake failed; returned -1, SSL error code 1, net_error -215
Dec 27, 2019 15:19:16.01 [17134:17139:1227/151916.012642:ERROR:ssl_client_socket_impl.cc(935)] handshake failed; returned -1, SSL error code 1, net_error -215
Dec 27, 2019 15:20:00.38 [25042:1:1227/152000.386052:ERROR:child_process_sandbox_support_impl_linux.cc(79)] FontService unique font name matching request did not receive a response.
Dec 27, 2019 15:20:00.38 [25042:1:1227/152000.387882:ERROR:child_process_sandbox_support_impl_linux.cc(79)] FontService unique font name matching request did not receive a response.
Dec 27, 2019 15:20:00.39 [25042:1:1227/152000.389925:ERROR:child_process_sandbox_support_impl_linux.cc(79)] FontService unique font name matching request did not receive a response.
Dec 27, 2019 15:20:00.39 [25042:1:1227/152000.390682:ERROR:child_process_sandbox_support_impl_linux.cc(79)] FontService unique font name matching request did not receive a response.
Dec 27, 2019 15:20:02.20 [17134:22104:1227/152002.206100:ERROR:cert_verify_proc_nss.cc(1011)] CERT_PKIXVerifyCert for triplelift-match-dotomi.com failed err=-8179
Dec 27, 2019 15:20:02.20 [17134:17139:1227/152002.206499:ERROR:ssl_client_socket_impl.cc(935)] handshake failed; returned -1, SSL error code 1, net_error -202
Dec 27, 2019 15:20:02.20 [17134:17139:1227/152002.206774:ERROR:ssl_client_socket_impl.cc(935)] handshake failed; returned -1, SSL error code 1, net_error -202
Dec 27, 2019 15:21:10.05 [25182:1:1227/152110.058549:ERROR:child_process_sandbox_support_impl_linux.cc(79)] FontService unique font name matching request did not receive a response.
Dec 27, 2019 15:21:10.06 [25182:1:1227/152110.059687:ERROR:child_process_sandbox_support_impl_linux.cc(79)] FontService unique font name matching request did not receive a response.
Dec 27, 2019 15:22:28.09 [17134:17139:1227/152228.090095:ERROR:ssl_client_socket_impl.cc(935)] handshake failed; returned -1, SSL error code 1, net_error -100
Dec 27, 2019 15:23:24.47 Opening in existing browser session.
Dec 27, 2019 15:27:42.65 [25571:1:1227/152742.653991:ERROR:child_process_sandbox_support_impl_linux.cc(79)] FontService unique font name matching request did not receive a response.
Dec 27, 2019 15:27:42.67 [25571:1:1227/152742.654903:ERROR:child_process_sandbox_support_impl_linux.cc(79)] FontService unique font name matching request did not receive a response.
Dec 27, 2019 15:27:43.48 [25608:1:1227/152743.486482:ERROR:child_process_sandbox_support_impl_linux.cc(79)] FontService unique font name matching request did not receive a response.
Dec 27, 2019 15:27:43.48 [25608:1:1227/152743.487727:ERROR:child_process_sandbox_support_impl_linux.cc(79)] FontService unique font name matching request did not receive a response.
Dec 27, 2019 15:27:43.48 [25608:1:1227/152743.488986:ERROR:child_process_sandbox_support_impl_linux.cc(79)] FontService unique font name matching request did not receive a response.
Dec 27, 2019 15:27:43.49 [25608:1:1227/152743.489922:ERROR:child_process_sandbox_support_impl_linux.cc(79)] FontService unique font name matching request did not receive a response.
Dec 27, 2019 15:27:44.48 [25608:1:1227/152744.480857:ERROR:child_process_sandbox_support_impl_linux.cc(79)] FontService unique font name matching request did not receive a response.
Dec 27, 2019 15:27:46.53 [25608:1:1227/152746.532018:ERROR:child_process_sandbox_support_impl_linux.cc(79)] FontService unique font name matching request did not receive a response.
Dec 27, 2019 15:27:46.53 [25608:1:1227/152746.532827:ERROR:child_process_sandbox_support_impl_linux.cc(79)] FontService unique font name matching request did not receive a response.
Dec 27, 2019 15:30:37.89 Opening in existing browser session.
Dec 27, 2019 15:35:09.31 [26113:1:1227/153509.318301:ERROR:child_process_sandbox_support_impl_linux.cc(79)] FontService unique font name matching request did not receive a response.
Dec 27, 2019 15:35:09.31 [26113:1:1227/153509.319334:ERROR:child_process_sandbox_support_impl_linux.cc(79)] FontService unique font name matching request did not receive a response.
Dec 27, 2019 15:35:26.61 [26149:1:1227/153526.618134:ERROR:child_process_sandbox_support_impl_linux.cc(79)] FontService unique font name matching request did not receive a response.
Dec 27, 2019 15:35:26.62 [26149:1:1227/153526.621858:ERROR:child_process_sandbox_support_impl_linux.cc(79)] FontService unique font name matching request did not receive a response.
Dec 27, 2019 15:35:26.62 [26149:1:1227/153526.625756:ERROR:child_process_sandbox_support_impl_linux.cc(79)] FontService unique font name matching request did not receive a response.
Dec 27, 2019 15:35:26.63 [26149:1:1227/153526.631971:ERROR:child_process_sandbox_support_impl_linux.cc(79)] FontService unique font name matching request did not receive a response.
Dec 27, 2019 15:39:58.54 Opening in existing browser session.
Dec 27, 2019 15:43:40.44 [26475:1:1227/154340.448401:ERROR:child_process_sandbox_support_impl_linux.cc(79)] FontService unique font name matching request did not receive a response.
Dec 27, 2019 15:43:40.44 [26475:1:1227/154340.449588:ERROR:child_process_sandbox_support_impl_linux.cc(79)] FontService unique font name matching request did not receive a response.
Dec 27, 2019 15:55:40.63 Opening in existing browser session.
Dec 27, 2019 15:58:15.15 [26966:1:1227/155815.158813:ERROR:child_process_sandbox_support_impl_linux.cc(79)] FontService unique font name matching request did not receive a response.
Dec 27, 2019 15:58:15.15 [26966:1:1227/155815.159293:ERROR:child_process_sandbox_support_impl_linux.cc(79)] FontService unique font name matching request did not receive a response.
Dec 27, 2019 15:58:18.17 [26993:1:1227/155818.177742:ERROR:child_process_sandbox_support_impl_linux.cc(79)] FontService unique font name matching request did not receive a response.
Dec 27, 2019 15:58:18.17 [26993:1:1227/155818.178708:ERROR:child_process_sandbox_support_impl_linux.cc(79)] FontService unique font name matching request did not receive a response.
Dec 27, 2019 15:58:18.24 [26993:1:1227/155818.243949:ERROR:child_process_sandbox_support_impl_linux.cc(79)] FontService unique font name matching request did not receive a response.
Dec 27, 2019 15:58:18.24 [26993:1:1227/155818.244536:ERROR:child_process_sandbox_support_impl_linux.cc(79)] FontService unique font name matching request did not receive a response.
Dec 27, 2019 15:58:18.39 [26993:1:1227/155818.390316:ERROR:child_process_sandbox_support_impl_linux.cc(79)] FontService unique font name matching request did not receive a response.
Dec 27, 2019 15:58:18.39 [26993:1:1227/155818.390770:ERROR:child_process_sandbox_support_impl_linux.cc(79)] FontService unique font name matching request did not receive a response.
Dec 27, 2019 15:58:19.38 [26993:1:1227/155819.380298:ERROR:child_process_sandbox_support_impl_linux.cc(79)] FontService unique font name matching request did not receive a response.
Dec 27, 2019 15:58:19.38 [26993:1:1227/155819.381014:ERROR:child_process_sandbox_support_impl_linux.cc(79)] FontService unique font name matching request did not receive a response.
Dec 27, 2019 15:58:19.38 [26993:1:1227/155819.382203:ERROR:child_process_sandbox_support_impl_linux.cc(79)] FontService unique font name matching request did not receive a response.
Dec 27, 2019 15:58:19.38 [26993:1:1227/155819.382993:ERROR:child_process_sandbox_support_impl_linux.cc(79)] FontService unique font name matching request did not receive a response.
Dec 27, 2019 15:58:36.65 [17132:17132:1227/155836.652471:ERROR:shared_image_manager.cc(191)] SharedImageManager::ProduceSkia: Trying to Produce a Skia representation from a non-existent mailbox.
Dec 27, 2019 15:58:36.65 [17132:17132:1227/155836.652978:ERROR:shared_image_manager.cc(191)] SharedImageManager::ProduceSkia: Trying to Produce a Skia representation from a non-existent mailbox.
Dec 27, 2019 16:01:16.34 [27128:1:1227/160116.344599:ERROR:child_process_sandbox_support_impl_linux.cc(79)] FontService unique font name matching request did not receive a response.
Dec 27, 2019 16:01:16.34 [27128:1:1227/160116.345904:ERROR:child_process_sandbox_support_impl_linux.cc(79)] FontService unique font name matching request did not receive a response.
Dec 27, 2019 16:03:05.23 [27296:1:1227/160305.230471:ERROR:child_process_sandbox_support_impl_linux.cc(79)] FontService unique font name matching request did not receive a response.
Dec 27, 2019 16:03:05.23 [27296:1:1227/160305.230964:ERROR:child_process_sandbox_support_impl_linux.cc(79)] FontService unique font name matching request did not receive a response.
Dec 27, 2019 16:03:06.52 [27329:1:1227/160306.521538:ERROR:child_process_sandbox_support_impl_linux.cc(79)] FontService unique font name matching request did not receive a response.
Dec 27, 2019 16:03:06.52 [27329:1:1227/160306.523091:ERROR:child_process_sandbox_support_impl_linux.cc(79)] FontService unique font name matching request did not receive a response.
Dec 27, 2019 16:03:06.52 [27329:1:1227/160306.525307:ERROR:child_process_sandbox_support_impl_linux.cc(79)] FontService unique font name matching request did not receive a response.
Dec 27, 2019 16:03:06.52 [27329:1:1227/160306.526273:ERROR:child_process_sandbox_support_impl_linux.cc(79)] FontService unique font name matching request did not receive a response.
Dec 27, 2019 16:03:07.49 [27329:1:1227/160307.495476:ERROR:child_process_sandbox_support_impl_linux.cc(79)] FontService unique font name matching request did not receive a response.
Dec 27, 2019 16:03:09.38 [27329:1:1227/160309.382861:ERROR:child_process_sandbox_support_impl_linux.cc(79)] FontService unique font name matching request did not receive a response.
Dec 27, 2019 16:03:09.38 [27329:1:1227/160309.383799:ERROR:child_process_sandbox_support_impl_linux.cc(79)] FontService unique font name matching request did not receive a response.
Dec 27, 2019 16:03:09.38 [27329:1:1227/160309.385468:ERROR:child_process_sandbox_support_impl_linux.cc(79)] FontService unique font name matching request did not receive a response.
Dec 27, 2019 16:03:09.38 [27329:1:1227/160309.385945:ERROR:child_process_sandbox_support_impl_linux.cc(79)] FontService unique font name matching request did not receive a response.
Dec 27, 2019 17:15:51.41 [27974:1:1227/171551.413490:ERROR:child_process_sandbox_support_impl_linux.cc(79)] FontService unique font name matching request did not receive a response.
Dec 27, 2019 17:15:51.41 [27974:1:1227/171551.414239:ERROR:child_process_sandbox_support_impl_linux.cc(79)] FontService unique font name matching request did not receive a response.
Dec 27, 2019 17:15:59.05 [28007:1:1227/171559.055404:ERROR:child_process_sandbox_support_impl_linux.cc(79)] FontService unique font name matching request did not receive a response.
Dec 27, 2019 17:15:59.05 [28007:1:1227/171559.056559:ERROR:child_process_sandbox_support_impl_linux.cc(79)] FontService unique font name matching request did not receive a response.
Dec 27, 2019 17:15:59.12 [28007:1:1227/171559.125761:ERROR:child_process_sandbox_support_impl_linux.cc(79)] FontService unique font name matching request did not receive a response.
Dec 27, 2019 17:15:59.12 [28007:1:1227/171559.126349:ERROR:child_process_sandbox_support_impl_linux.cc(79)] FontService unique font name matching request did not receive a response.
Dec 27, 2019 17:15:59.27 [28007:1:1227/171559.277747:ERROR:child_process_sandbox_support_impl_linux.cc(79)] FontService unique font name matching request did not receive a response.
Dec 27, 2019 17:15:59.27 [28007:1:1227/171559.279166:ERROR:child_process_sandbox_support_impl_linux.cc(79)] FontService unique font name matching request did not receive a response.
Dec 27, 2019 17:16:00.33 [28007:1:1227/171600.339299:ERROR:child_process_sandbox_support_impl_linux.cc(79)] FontService unique font name matching request did not receive a response.
Dec 27, 2019 17:16:00.34 [28007:1:1227/171600.340051:ERROR:child_process_sandbox_support_impl_linux.cc(79)] FontService unique font name matching request did not receive a response.
Dec 27, 2019 17:16:00.34 [28007:1:1227/171600.342496:ERROR:child_process_sandbox_support_impl_linux.cc(79)] FontService unique font name matching request did not receive a response.
Dec 27, 2019 17:16:00.34 [28007:1:1227/171600.344011:ERROR:child_process_sandbox_support_impl_linux.cc(79)] FontService unique font name matching request did not receive a response.
Dec 27, 2019 17:16:19.26 [28061:1:1227/171619.262588:ERROR:child_process_sandbox_support_impl_linux.cc(79)] FontService unique font name matching request did not receive a response.
Dec 27, 2019 17:16:19.26 [28061:1:1227/171619.263207:ERROR:child_process_sandbox_support_impl_linux.cc(79)] FontService unique font name matching request did not receive a response.
Dec 27, 2019 17:16:20.75 [28092:1:1227/171620.758284:ERROR:child_process_sandbox_support_impl_linux.cc(79)] FontService unique font name matching request did not receive a response.
Dec 27, 2019 17:16:20.75 [28092:1:1227/171620.759036:ERROR:child_process_sandbox_support_impl_linux.cc(79)] FontService unique font name matching request did not receive a response.
Dec 27, 2019 17:16:20.76 [28092:1:1227/171620.760331:ERROR:child_process_sandbox_support_impl_linux.cc(79)] FontService unique font name matching request did not receive a response.
Dec 27, 2019 17:16:20.76 [28092:1:1227/171620.760937:ERROR:child_process_sandbox_support_impl_linux.cc(79)] FontService unique font name matching request did not receive a response.
Dec 27, 2019 17:16:22.11 [28092:1:1227/171622.113077:ERROR:child_process_sandbox_support_impl_linux.cc(79)] FontService unique font name matching request did not receive a response.
Dec 27, 2019 17:16:24.52 [28092:1:1227/171624.525760:ERROR:child_process_sandbox_support_impl_linux.cc(79)] FontService unique font name matching request did not receive a response.
Dec 27, 2019 17:16:24.52 [28092:1:1227/171624.527709:ERROR:child_process_sandbox_support_impl_linux.cc(79)] FontService unique font name matching request did not receive a response.
Dec 27, 2019 17:16:24.53 [28092:1:1227/171624.531200:ERROR:child_process_sandbox_support_impl_linux.cc(79)] FontService unique font name matching request did not receive a response.
Dec 27, 2019 17:16:24.53 [28092:1:1227/171624.532051:ERROR:child_process_sandbox_support_impl_linux.cc(79)] FontService unique font name matching request did not receive a response.
Dec 27, 2019 17:26:34.85 [28235:1:1227/172634.856304:ERROR:child_process_sandbox_support_impl_linux.cc(79)] FontService unique font name matching request did not receive a response.
Dec 27, 2019 17:26:34.85 [28235:1:1227/172634.857218:ERROR:child_process_sandbox_support_impl_linux.cc(79)] FontService unique font name matching request did not receive a response.
Dec 27, 2019 17:26:46.73 [17134:17139:1227/172646.738026:ERROR:ssl_client_socket_impl.cc(935)] handshake failed; returned -1, SSL error code 1, net_error -215
Dec 27, 2019 17:26:54.54 [17134:17139:1227/172654.548017:ERROR:ssl_client_socket_impl.cc(935)] handshake failed; returned -1, SSL error code 1, net_error -215
Dec 27, 2019 17:27:02.90 [19549:1:1227/172702.905404:ERROR:child_process_sandbox_support_impl_linux.cc(79)] FontService unique font name matching request did not receive a response.
Dec 27, 2019 17:27:02.90 [19549:1:1227/172702.906012:ERROR:child_process_sandbox_support_impl_linux.cc(79)] FontService unique font name matching request did not receive a response.
Dec 27, 2019 17:27:13.81 [17134:17139:1227/172713.814322:ERROR:ssl_client_socket_impl.cc(935)] handshake failed; returned -1, SSL error code 1, net_error -215
Dec 27, 2019 17:27:22.66 [17134:17139:1227/172722.660777:ERROR:ssl_client_socket_impl.cc(935)] handshake failed; returned -1, SSL error code 1, net_error -101
Dec 27, 2019 17:28:16.86 [28570:1:1227/172816.866746:ERROR:child_process_sandbox_support_impl_linux.cc(79)] FontService unique font name matching request did not receive a response.
Dec 27, 2019 17:28:53.24 [17134:17139:1227/172853.246004:ERROR:ssl_client_socket_impl.cc(935)] handshake failed; returned -1, SSL error code 1, net_error -215
Dec 27, 2019 17:29:30.51 Fontconfig error: Cannot load default config file
Dec 27, 2019 17:29:30.76 [17134:17139:1227/172930.769361:ERROR:ssl_client_socket_impl.cc(935)] handshake failed; returned -1, SSL error code 1, net_error -215
Dec 27, 2019 17:30:00.50 [17134:17139:1227/173000.506499:ERROR:ssl_client_socket_impl.cc(935)] handshake failed; returned -1, SSL error code 1, net_error -215
Dec 27, 2019 17:30:13.73 [17134:17139:1227/173013.736895:ERROR:ssl_client_socket_impl.cc(935)] handshake failed; returned -1, SSL error code 1, net_error -215
Dec 27, 2019 17:31:26.69 [28960:1:1227/173126.693869:ERROR:child_process_sandbox_support_impl_linux.cc(79)] FontService unique font name matching request did not receive a response.
Dec 27, 2019 17:31:26.69 [28960:1:1227/173126.697520:ERROR:child_process_sandbox_support_impl_linux.cc(79)] FontService unique font name matching request did not receive a response.
Dec 27, 2019 17:31:31.54 [28994:1:1227/173131.542684:ERROR:child_process_sandbox_support_impl_linux.cc(79)] FontService unique font name matching request did not receive a response.
Dec 27, 2019 17:31:31.54 [28994:1:1227/173131.543462:ERROR:child_process_sandbox_support_impl_linux.cc(79)] FontService unique font name matching request did not receive a response.
Dec 27, 2019 17:31:31.64 [28994:1:1227/173131.647430:ERROR:child_process_sandbox_support_impl_linux.cc(79)] FontService unique font name matching request did not receive a response.
Dec 27, 2019 17:31:31.64 [28994:1:1227/173131.648886:ERROR:child_process_sandbox_support_impl_linux.cc(79)] FontService unique font name matching request did not receive a response.
Dec 27, 2019 17:31:31.90 [28994:1:1227/173131.907822:ERROR:child_process_sandbox_support_impl_linux.cc(79)] FontService unique font name matching request did not receive a response.
Dec 27, 2019 17:31:31.90 [28994:1:1227/173131.909170:ERROR:child_process_sandbox_support_impl_linux.cc(79)] FontService unique font name matching request did not receive a response.
Dec 27, 2019 17:31:33.47 [28994:1:1227/173133.479233:ERROR:child_process_sandbox_support_impl_linux.cc(79)] FontService unique font name matching request did not receive a response.
Dec 27, 2019 17:31:33.48 [28994:1:1227/173133.481562:ERROR:child_process_sandbox_support_impl_linux.cc(79)] FontService unique font name matching request did not receive a response.
Dec 27, 2019 17:31:33.48 [28994:1:1227/173133.482535:ERROR:child_process_sandbox_support_impl_linux.cc(79)] FontService unique font name matching request did not receive a response.
Dec 27, 2019 17:31:33.48 [28994:1:1227/173133.483318:ERROR:child_process_sandbox_support_impl_linux.cc(79)] FontService unique font name matching request did not receive a response.
Dec 27, 2019 17:31:51.29 [29038:1:1227/173151.298375:ERROR:child_process_sandbox_support_impl_linux.cc(79)] FontService unique font name matching request did not receive a response.
Dec 27, 2019 17:31:51.29 [29038:1:1227/173151.299182:ERROR:child_process_sandbox_support_impl_linux.cc(79)] FontService unique font name matching request did not receive a response.
Dec 27, 2019 17:33:27.00 [29115:1:1227/173327.002514:ERROR:child_process_sandbox_support_impl_linux.cc(79)] FontService unique font name matching request did not receive a response.
Dec 27, 2019 17:33:27.00 [29115:1:1227/173327.003064:ERROR:child_process_sandbox_support_impl_linux.cc(79)] FontService unique font name matching request did not receive a response.
Dec 27, 2019 17:33:49.49 [29161:1:1227/173349.491646:ERROR:child_process_sandbox_support_impl_linux.cc(79)] FontService unique font name matching request did not receive a response.
Dec 27, 2019 17:33:49.49 [29161:1:1227/173349.492731:ERROR:child_process_sandbox_support_impl_linux.cc(79)] FontService unique font name matching request did not receive a response.
Dec 27, 2019 17:33:49.49 [29161:1:1227/173349.494158:ERROR:child_process_sandbox_support_impl_linux.cc(79)] FontService unique font name matching request did not receive a response.
Dec 27, 2019 17:33:49.49 [29161:1:1227/173349.495297:ERROR:child_process_sandbox_support_impl_linux.cc(79)] FontService unique font name matching request did not receive a response.
Dec 27, 2019 17:33:49.58 [17134:17139:1227/173349.586864:ERROR:ssl_client_socket_impl.cc(935)] handshake failed; returned -1, SSL error code 1, net_error -215
Dec 27, 2019 17:33:50.19 [17134:17139:1227/173350.190720:ERROR:ssl_client_socket_impl.cc(935)] handshake failed; returned -1, SSL error code 1, net_error -215
Dec 27, 2019 17:34:21.40 [29188:1:1227/173421.406294:ERROR:child_process_sandbox_support_impl_linux.cc(79)] FontService unique font name matching request did not receive a response.
Dec 27, 2019 17:34:21.40 [29188:1:1227/173421.406777:ERROR:child_process_sandbox_support_impl_linux.cc(79)] FontService unique font name matching request did not receive a response.
Dec 27, 2019 17:34:21.41 [29188:1:1227/173421.419413:ERROR:child_process_sandbox_support_impl_linux.cc(79)] FontService unique font name matching request did not receive a response.
Dec 27, 2019 17:34:21.42 [29188:1:1227/173421.420005:ERROR:child_process_sandbox_support_impl_linux.cc(79)] FontService unique font name matching request did not receive a response.
Dec 27, 2019 17:34:28.69 [29228:1:1227/173428.698459:ERROR:child_process_sandbox_support_impl_linux.cc(79)] FontService unique font name matching request did not receive a response.
Dec 27, 2019 17:34:28.69 [29228:1:1227/173428.699035:ERROR:child_process_sandbox_support_impl_linux.cc(79)] FontService unique font name matching request did not receive a response.
Dec 27, 2019 17:34:28.70 [29228:1:1227/173428.700333:ERROR:child_process_sandbox_support_impl_linux.cc(79)] FontService unique font name matching request did not receive a response.
Dec 27, 2019 17:34:28.70 [29228:1:1227/173428.701286:ERROR:child_process_sandbox_support_impl_linux.cc(79)] FontService unique font name matching request did not receive a response.
Dec 27, 2019 17:34:33.24 [17134:17139:1227/173433.240597:ERROR:ssl_client_socket_impl.cc(935)] handshake failed; returned -1, SSL error code 1, net_error -215
Dec 27, 2019 17:35:51.15 [29478:1:1227/173551.151046:ERROR:child_process_sandbox_support_impl_linux.cc(79)] FontService unique font name matching request did not receive a response.
Dec 27, 2019 17:35:51.15 [29478:1:1227/173551.151650:ERROR:child_process_sandbox_support_impl_linux.cc(79)] FontService unique font name matching request did not receive a response.
Dec 27, 2019 17:35:51.15 [29478:1:1227/173551.153492:ERROR:child_process_sandbox_support_impl_linux.cc(79)] FontService unique font name matching request did not receive a response.
Dec 27, 2019 17:35:51.15 [29478:1:1227/173551.155113:ERROR:child_process_sandbox_support_impl_linux.cc(79)] FontService unique font name matching request did not receive a response.
Dec 27, 2019 17:35:52.58 [29478:1:1227/173552.584330:ERROR:child_process_sandbox_support_impl_linux.cc(79)] FontService unique font name matching request did not receive a response.
Dec 27, 2019 17:36:11.44 [29519:1:1227/173611.445060:ERROR:child_process_sandbox_support_impl_linux.cc(79)] FontService unique font name matching request did not receive a response.
Dec 27, 2019 17:36:11.44 [29519:1:1227/173611.445698:ERROR:child_process_sandbox_support_impl_linux.cc(79)] FontService unique font name matching request did not receive a response.
Dec 27, 2019 17:36:11.44 [29519:1:1227/173611.446742:ERROR:child_process_sandbox_support_impl_linux.cc(79)] FontService unique font name matching request did not receive a response.
Dec 27, 2019 17:36:11.44 [29519:1:1227/173611.447375:ERROR:child_process_sandbox_support_impl_linux.cc(79)] FontService unique font name matching request did not receive a response.
Dec 27, 2019 17:40:36.28 [29668:1:1227/174036.280592:ERROR:child_process_sandbox_support_impl_linux.cc(79)] FontService unique font name matching request did not receive a response.
Dec 27, 2019 17:40:36.28 [29668:1:1227/174036.285309:ERROR:child_process_sandbox_support_impl_linux.cc(79)] FontService unique font name matching request did not receive a response.
Dec 27, 2019 17:41:56.50 [29746:1:1227/174156.505437:ERROR:child_process_sandbox_support_impl_linux.cc(79)] FontService unique font name matching request did not receive a response.
Dec 27, 2019 17:41:56.50 [29746:1:1227/174156.507054:ERROR:child_process_sandbox_support_impl_linux.cc(79)] FontService unique font name matching request did not receive a response.
Dec 27, 2019 17:41:57.51 [29783:1:1227/174157.512592:ERROR:child_process_sandbox_support_impl_linux.cc(79)] FontService unique font name matching request did not receive a response.
Dec 27, 2019 17:41:57.51 [29783:1:1227/174157.513465:ERROR:child_process_sandbox_support_impl_linux.cc(79)] FontService unique font name matching request did not receive a response.
Dec 27, 2019 17:41:57.51 [29783:1:1227/174157.514484:ERROR:child_process_sandbox_support_impl_linux.cc(79)] FontService unique font name matching request did not receive a response.
Dec 27, 2019 17:41:57.51 [29783:1:1227/174157.515035:ERROR:child_process_sandbox_support_impl_linux.cc(79)] FontService unique font name matching request did not receive a response.
Dec 27, 2019 17:41:58.47 [29783:1:1227/174158.479374:ERROR:child_process_sandbox_support_impl_linux.cc(79)] FontService unique font name matching request did not receive a response.
Dec 27, 2019 17:42:00.32 [29783:1:1227/174200.319688:ERROR:child_process_sandbox_support_impl_linux.cc(79)] FontService unique font name matching request did not receive a response.
Dec 27, 2019 17:42:00.32 [29783:1:1227/174200.322310:ERROR:child_process_sandbox_support_impl_linux.cc(79)] FontService unique font name matching request did not receive a response.
Dec 27, 2019 17:42:00.32 [29783:1:1227/174200.324691:ERROR:child_process_sandbox_support_impl_linux.cc(79)] FontService unique font name matching request did not receive a response.
Dec 27, 2019 17:42:00.32 [29783:1:1227/174200.325902:ERROR:child_process_sandbox_support_impl_linux.cc(79)] FontService unique font name matching request did not receive a response.
Dec 27, 2019 17:51:14.16 [29969:1:1227/175114.166938:ERROR:child_process_sandbox_support_impl_linux.cc(79)] FontService unique font name matching request did not receive a response.
Dec 27, 2019 17:51:14.16 [29969:1:1227/175114.167440:ERROR:child_process_sandbox_support_impl_linux.cc(79)] FontService unique font name matching request did not receive a response.
Dec 27, 2019 17:51:20.96 [30024:1:1227/175120.968340:ERROR:child_process_sandbox_support_impl_linux.cc(79)] FontService unique font name matching request did not receive a response.
Dec 27, 2019 17:51:20.96 [30024:1:1227/175120.969569:ERROR:child_process_sandbox_support_impl_linux.cc(79)] FontService unique font name matching request did not receive a response.
Dec 27, 2019 17:51:20.97 [30024:1:1227/175120.973124:ERROR:child_process_sandbox_support_impl_linux.cc(79)] FontService unique font name matching request did not receive a response.
Dec 27, 2019 17:51:20.97 [30024:1:1227/175120.975323:ERROR:child_process_sandbox_support_impl_linux.cc(79)] FontService unique font name matching request did not receive a response.
Dec 27, 2019 17:51:23.47 [17134:17139:1227/175123.469859:ERROR:ssl_client_socket_impl.cc(935)] handshake failed; returned -1, SSL error code 1, net_error -215
Dec 27, 2019 17:51:26.38 [17134:17139:1227/175126.384399:ERROR:ssl_client_socket_impl.cc(935)] handshake failed; returned -1, SSL error code 1, net_error -215
Dec 27, 2019 17:53:46.10 [17134:17139:1227/175346.103636:ERROR:ssl_client_socket_impl.cc(935)] handshake failed; returned -1, SSL error code 1, net_error -215
Dec 27, 2019 17:55:25.35 [30280:1:1227/175525.271961:ERROR:child_process_sandbox_support_impl_linux.cc(79)] FontService unique font name matching request did not receive a response.
Dec 27, 2019 17:55:25.35 [30280:1:1227/175525.280263:ERROR:child_process_sandbox_support_impl_linux.cc(79)] FontService unique font name matching request did not receive a response.
Dec 27, 2019 17:55:26.30 [30316:1:1227/175526.302520:ERROR:child_process_sandbox_support_impl_linux.cc(79)] FontService unique font name matching request did not receive a response.
Dec 27, 2019 17:55:26.30 [30316:1:1227/175526.302962:ERROR:child_process_sandbox_support_impl_linux.cc(79)] FontService unique font name matching request did not receive a response.
Dec 27, 2019 17:55:26.30 [30316:1:1227/175526.304661:ERROR:child_process_sandbox_support_impl_linux.cc(79)] FontService unique font name matching request did not receive a response.
Dec 27, 2019 17:55:26.30 [30316:1:1227/175526.305748:ERROR:child_process_sandbox_support_impl_linux.cc(79)] FontService unique font name matching request did not receive a response.
Dec 27, 2019 17:55:27.29 [30316:1:1227/175527.290109:ERROR:child_process_sandbox_support_impl_linux.cc(79)] FontService unique font name matching request did not receive a response.
Dec 27, 2019 18:02:15.62 Opening in existing browser session.
Dec 27, 2019 18:06:55.06 [30994:1:1227/180655.068908:ERROR:child_process_sandbox_support_impl_linux.cc(79)] FontService unique font name matching request did not receive a response.
Dec 27, 2019 18:06:55.06 [30994:1:1227/180655.069492:ERROR:child_process_sandbox_support_impl_linux.cc(79)] FontService unique font name matching request did not receive a response.
Dec 27, 2019 18:07:35.60 [31032:1:1227/180735.601876:ERROR:child_process_sandbox_support_impl_linux.cc(79)] FontService unique font name matching request did not receive a response.
Dec 27, 2019 18:07:35.60 [31032:1:1227/180735.602416:ERROR:child_process_sandbox_support_impl_linux.cc(79)] FontService unique font name matching request did not receive a response.
Dec 27, 2019 18:07:35.66 [31032:1:1227/180735.664557:ERROR:child_process_sandbox_support_impl_linux.cc(79)] FontService unique font name matching request did not receive a response.
Dec 27, 2019 18:07:35.66 [31032:1:1227/180735.665069:ERROR:child_process_sandbox_support_impl_linux.cc(79)] FontService unique font name matching request did not receive a response.
Dec 27, 2019 18:07:35.80 [31032:1:1227/180735.804651:ERROR:child_process_sandbox_support_impl_linux.cc(79)] FontService unique font name matching request did not receive a response.
Dec 27, 2019 18:07:35.80 [31032:1:1227/180735.805442:ERROR:child_process_sandbox_support_impl_linux.cc(79)] FontService unique font name matching request did not receive a response.
Dec 27, 2019 18:07:36.89 [31032:1:1227/180736.898089:ERROR:child_process_sandbox_support_impl_linux.cc(79)] FontService unique font name matching request did not receive a response.
Dec 27, 2019 18:07:36.89 [31032:1:1227/180736.898896:ERROR:child_process_sandbox_support_impl_linux.cc(79)] FontService unique font name matching request did not receive a response.
Dec 27, 2019 18:07:36.90 [31032:1:1227/180736.900787:ERROR:child_process_sandbox_support_impl_linux.cc(79)] FontService unique font name matching request did not receive a response.
Dec 27, 2019 18:07:36.90 [31032:1:1227/180736.901373:ERROR:child_process_sandbox_support_impl_linux.cc(79)] FontService unique font name matching request did not receive a response.
Dec 27, 2019 18:07:46.25 [31088:1:1227/180746.252114:ERROR:child_process_sandbox_support_impl_linux.cc(79)] FontService unique font name matching request did not receive a response.
Dec 27, 2019 18:07:46.25 [31088:1:1227/180746.252681:ERROR:child_process_sandbox_support_impl_linux.cc(79)] FontService unique font name matching request did not receive a response.
Dec 27, 2019 18:08:02.67 [31121:1:1227/180802.672566:ERROR:child_process_sandbox_support_impl_linux.cc(79)] FontService unique font name matching request did not receive a response.
Dec 27, 2019 18:08:02.67 [31121:1:1227/180802.673222:ERROR:child_process_sandbox_support_impl_linux.cc(79)] FontService unique font name matching request did not receive a response.
Dec 27, 2019 18:08:02.74 [31121:1:1227/180802.740613:ERROR:child_process_sandbox_support_impl_linux.cc(79)] FontService unique font name matching request did not receive a response.
Dec 27, 2019 18:08:02.74 [31121:1:1227/180802.742147:ERROR:child_process_sandbox_support_impl_linux.cc(79)] FontService unique font name matching request did not receive a response.
Dec 27, 2019 18:08:02.74 [31121:1:1227/180802.743791:ERROR:child_process_sandbox_support_impl_linux.cc(79)] FontService unique font name matching request did not receive a response.
Dec 27, 2019 18:08:02.74 [31121:1:1227/180802.744366:ERROR:child_process_sandbox_support_impl_linux.cc(79)] FontService unique font name matching request did not receive a response.
Dec 27, 2019 18:08:02.74 [31121:1:1227/180802.745548:ERROR:child_process_sandbox_support_impl_linux.cc(79)] FontService unique font name matching request did not receive a response.
Dec 27, 2019 18:08:02.74 [31121:1:1227/180802.746077:ERROR:child_process_sandbox_support_impl_linux.cc(79)] FontService unique font name matching request did not receive a response.
Dec 27, 2019 18:08:02.84 [31121:1:1227/180802.840413:ERROR:child_process_sandbox_support_impl_linux.cc(79)] FontService unique font name matching request did not receive a response.
Dec 27, 2019 18:08:02.84 [31121:1:1227/180802.841543:ERROR:child_process_sandbox_support_impl_linux.cc(79)] FontService unique font name matching request did not receive a response.
Dec 27, 2019 18:08:04.83 [31134:1:1227/180804.837466:ERROR:child_process_sandbox_support_impl_linux.cc(79)] FontService unique font name matching request did not receive a response.
Dec 27, 2019 18:08:04.84 [31134:1:1227/180804.841899:ERROR:child_process_sandbox_support_impl_linux.cc(79)] FontService unique font name matching request did not receive a response.
Dec 27, 2019 18:08:04.84 [31134:1:1227/180804.846492:ERROR:child_process_sandbox_support_impl_linux.cc(79)] FontService unique font name matching request did not receive a response.
Dec 27, 2019 18:08:04.85 [31134:1:1227/180804.848513:ERROR:child_process_sandbox_support_impl_linux.cc(79)] FontService unique font name matching request did not receive a response.
Dec 27, 2019 18:09:22.82 [31276:1:1227/180922.825370:ERROR:child_process_sandbox_support_impl_linux.cc(79)] FontService unique font name matching request did not receive a response.
Dec 27, 2019 18:09:22.82 [31276:1:1227/180922.825948:ERROR:child_process_sandbox_support_impl_linux.cc(79)] FontService unique font name matching request did not receive a response.
Dec 27, 2019 18:09:33.54 [31313:1:1227/180933.547783:ERROR:child_process_sandbox_support_impl_linux.cc(79)] FontService unique font name matching request did not receive a response.
Dec 27, 2019 18:09:33.55 [31313:1:1227/180933.553851:ERROR:child_process_sandbox_support_impl_linux.cc(79)] FontService unique font name matching request did not receive a response.
Dec 27, 2019 18:09:33.57 [31313:1:1227/180933.572959:ERROR:child_process_sandbox_support_impl_linux.cc(79)] FontService unique font name matching request did not receive a response.
Dec 27, 2019 18:09:33.57 [31313:1:1227/180933.573388:ERROR:child_process_sandbox_support_impl_linux.cc(79)] FontService unique font name matching request did not receive a response.
Dec 27, 2019 18:09:33.57 [31313:1:1227/180933.574459:ERROR:child_process_sandbox_support_impl_linux.cc(79)] FontService unique font name matching request did not receive a response.
Dec 27, 2019 18:09:33.57 [31313:1:1227/180933.575858:ERROR:child_process_sandbox_support_impl_linux.cc(79)] FontService unique font name matching request did not receive a response.
Dec 27, 2019 18:09:33.57 [31313:1:1227/180933.577504:ERROR:child_process_sandbox_support_impl_linux.cc(79)] FontService unique font name matching request did not receive a response.
Dec 27, 2019 18:09:33.57 [31313:1:1227/180933.578614:ERROR:child_process_sandbox_support_impl_linux.cc(79)] FontService unique font name matching request did not receive a response.
Dec 27, 2019 18:09:33.84 [31313:1:1227/180933.843034:ERROR:child_process_sandbox_support_impl_linux.cc(79)] FontService unique font name matching request did not receive a response.
Dec 27, 2019 18:09:33.84 [31313:1:1227/180933.843756:ERROR:child_process_sandbox_support_impl_linux.cc(79)] FontService unique font name matching request did not receive a response.
Dec 27, 2019 18:20:42.17 [31547:1:1227/182042.172596:ERROR:child_process_sandbox_support_impl_linux.cc(79)] FontService unique font name matching request did not receive a response.
Dec 27, 2019 18:20:42.17 [31547:1:1227/182042.173062:ERROR:child_process_sandbox_support_impl_linux.cc(79)] FontService unique font name matching request did not receive a response.
Dec 27, 2019 18:21:06.20 [31633:1:1227/182106.203229:ERROR:child_process_sandbox_support_impl_linux.cc(79)] FontService unique font name matching request did not receive a response.
Dec 27, 2019 18:21:06.20 [31633:1:1227/182106.203689:ERROR:child_process_sandbox_support_impl_linux.cc(79)] FontService unique font name matching request did not receive a response.
Dec 27, 2019 18:21:17.33 Nautilus-Share-Message: 18:21:17.333: Called "net usershare info" but it failed: Failed to execute child process “net” (No such file or directory)
Dec 27, 2019 18:21:35.17 [31134:1:1227/182135.171599:ERROR:child_process_sandbox_support_impl_linux.cc(79)] FontService unique font name matching request did not receive a response.
Dec 27, 2019 18:21:35.17 [31134:1:1227/182135.172446:ERROR:child_process_sandbox_support_impl_linux.cc(79)] FontService unique font name matching request did not receive a response.
Dec 27, 2019 18:21:35.17 [31134:1:1227/182135.173638:ERROR:child_process_sandbox_support_impl_linux.cc(79)] FontService unique font name matching request did not receive a response.
Dec 27, 2019 18:21:35.17 [31134:1:1227/182135.174099:ERROR:child_process_sandbox_support_impl_linux.cc(79)] FontService unique font name matching request did not receive a response.
Dec 27, 2019 18:22:37.05 Gtk-Message: 18:22:37.054: GtkDialog mapped without a transient parent. This is discouraged.
Dec 27, 2019 18:23:19.46 Gtk-Message: 18:23:19.467: GtkDialog mapped without a transient parent. This is discouraged.
Dec 27, 2019 18:24:03.80 Gtk-Message: 18:24:03.802: GtkDialog mapped without a transient parent. This is discouraged.
Dec 27, 2019 18:25:28.08 [31953:1:1227/182528.083724:ERROR:child_process_sandbox_support_impl_linux.cc(79)] FontService unique font name matching request did not receive a response.
Dec 27, 2019 18:25:28.08 [31953:1:1227/182528.084331:ERROR:child_process_sandbox_support_impl_linux.cc(79)] FontService unique font name matching request did not receive a response.
Dec 27, 2019 18:25:43.22 Nautilus-Share-Message: 18:25:43.222: Called "net usershare info" but it failed: Failed to execute child process “net” (No such file or directory)
Dec 27, 2019 19:16:01.53 Opening in existing browser session.
Dec 27, 2019 19:19:46.51 Opening in existing browser session.
Dec 27, 2019 19:23:44.20 Opening in existing browser session.
Dec 27, 2019 19:25:09.76 Opening in existing browser session.
Dec 27, 2019 19:27:15.00 Opening in existing browser session.
Dec 27, 2019 19:28:47.50 Opening in existing browser session.
Dec 28, 2019 04:27:09.26 [17093:17114:1228/042709.261847:ERROR:connection_factory_impl.cc(418)] Failed to connect to MCS endpoint with error -105
Dec 28, 2019 09:06:40.33 [7664:1:1228/090640.335491:ERROR:child_process_sandbox_support_impl_linux.cc(79)] FontService unique font name matching request did not receive a response.
Dec 28, 2019 09:06:40.33 [7664:1:1228/090640.336405:ERROR:child_process_sandbox_support_impl_linux.cc(79)] FontService unique font name matching request did not receive a response.
Dec 28, 2019 09:18:17.58 [7782:1:1228/091817.586022:ERROR:child_process_sandbox_support_impl_linux.cc(79)] FontService unique font name matching request did not receive a response.
Dec 28, 2019 09:18:17.58 [7782:1:1228/091817.586530:ERROR:child_process_sandbox_support_impl_linux.cc(79)] FontService unique font name matching request did not receive a response.
Dec 28, 2019 09:18:17.64 [7782:1:1228/091817.649136:ERROR:child_process_sandbox_support_impl_linux.cc(79)] FontService unique font name matching request did not receive a response.
Dec 28, 2019 09:18:17.65 [7782:1:1228/091817.649817:ERROR:child_process_sandbox_support_impl_linux.cc(79)] FontService unique font name matching request did not receive a response.
Dec 28, 2019 09:18:17.78 [7782:1:1228/091817.789015:ERROR:child_process_sandbox_support_impl_linux.cc(79)] FontService unique font name matching request did not receive a response.
Dec 28, 2019 09:18:17.78 [7782:1:1228/091817.789486:ERROR:child_process_sandbox_support_impl_linux.cc(79)] FontService unique font name matching request did not receive a response.
Dec 28, 2019 09:18:18.78 [7782:1:1228/091818.782144:ERROR:child_process_sandbox_support_impl_linux.cc(79)] FontService unique font name matching request did not receive a response.
Dec 28, 2019 09:18:18.78 [7782:1:1228/091818.783239:ERROR:child_process_sandbox_support_impl_linux.cc(79)] FontService unique font name matching request did not receive a response.
Dec 28, 2019 09:18:18.79 [7782:1:1228/091818.798435:ERROR:child_process_sandbox_support_impl_linux.cc(79)] FontService unique font name matching request did not receive a response.
Dec 28, 2019 09:18:18.79 [7782:1:1228/091818.798950:ERROR:child_process_sandbox_support_impl_linux.cc(79)] FontService unique font name matching request did not receive a response.
Dec 28, 2019 09:19:23.12 Opening in existing browser session.
Dec 28, 2019 09:22:26.91 [7958:1:1228/092226.910094:ERROR:child_process_sandbox_support_impl_linux.cc(79)] FontService unique font name matching request did not receive a response.
Dec 28, 2019 09:22:26.91 [7958:1:1228/092226.910611:ERROR:child_process_sandbox_support_impl_linux.cc(79)] FontService unique font name matching request did not receive a response.
Dec 28, 2019 09:22:28.11 [7997:1:1228/092228.118230:ERROR:child_process_sandbox_support_impl_linux.cc(79)] FontService unique font name matching request did not receive a response.
Dec 28, 2019 09:22:28.11 [7997:1:1228/092228.118786:ERROR:child_process_sandbox_support_impl_linux.cc(79)] FontService unique font name matching request did not receive a response.
Dec 28, 2019 09:22:28.12 [7997:1:1228/092228.119828:ERROR:child_process_sandbox_support_impl_linux.cc(79)] FontService unique font name matching request did not receive a response.
Dec 28, 2019 09:22:28.12 [7997:1:1228/092228.120555:ERROR:child_process_sandbox_support_impl_linux.cc(79)] FontService unique font name matching request did not receive a response.
Dec 28, 2019 09:22:29.40 [7997:1:1228/092229.405416:ERROR:child_process_sandbox_support_impl_linux.cc(79)] FontService unique font name matching request did not receive a response.
Dec 28, 2019 09:28:47.28 [8146:1:1228/092847.286778:ERROR:child_process_sandbox_support_impl_linux.cc(79)] FontService unique font name matching request did not receive a response.
Dec 28, 2019 09:28:47.28 [8146:1:1228/092847.287803:ERROR:child_process_sandbox_support_impl_linux.cc(79)] FontService unique font name matching request did not receive a response.
Dec 28, 2019 09:28:47.30 [8146:1:1228/092847.303454:ERROR:child_process_sandbox_support_impl_linux.cc(79)] FontService unique font name matching request did not receive a response.
Dec 28, 2019 09:28:47.30 [8146:1:1228/092847.304358:ERROR:child_process_sandbox_support_impl_linux.cc(79)] FontService unique font name matching request did not receive a response.
Dec 28, 2019 09:28:47.30 [8146:1:1228/092847.305587:ERROR:child_process_sandbox_support_impl_linux.cc(79)] FontService unique font name matching request did not receive a response.
Dec 28, 2019 09:28:47.30 [8146:1:1228/092847.306326:ERROR:child_process_sandbox_support_impl_linux.cc(79)] FontService unique font name matching request did not receive a response.
Dec 28, 2019 09:28:47.30 [8146:1:1228/092847.307704:ERROR:child_process_sandbox_support_impl_linux.cc(79)] FontService unique font name matching request did not receive a response.
Dec 28, 2019 09:28:47.30 [8146:1:1228/092847.308285:ERROR:child_process_sandbox_support_impl_linux.cc(79)] FontService unique font name matching request did not receive a response.
Dec 28, 2019 09:28:47.45 [8146:1:1228/092847.451457:ERROR:child_process_sandbox_support_impl_linux.cc(79)] FontService unique font name matching request did not receive a response.
Dec 28, 2019 09:28:47.45 [8146:1:1228/092847.452278:ERROR:child_process_sandbox_support_impl_linux.cc(79)] FontService unique font name matching request did not receive a response.
Dec 28, 2019 10:02:50.25 [31134:1:1228/100250.258904:ERROR:child_process_sandbox_support_impl_linux.cc(79)] FontService unique font name matching request did not receive a response.
Dec 28, 2019 10:02:50.25 [31134:1:1228/100250.259402:ERROR:child_process_sandbox_support_impl_linux.cc(79)] FontService unique font name matching request did not receive a response.
Dec 28, 2019 10:04:08.21 [9720:1:1228/100408.211253:ERROR:child_process_sandbox_support_impl_linux.cc(79)] FontService unique font name matching request did not receive a response.
Dec 28, 2019 10:04:08.21 [9720:1:1228/100408.213284:ERROR:child_process_sandbox_support_impl_linux.cc(79)] FontService unique font name matching request did not receive a response.
Dec 28, 2019 10:04:10.65 [9755:1:1228/100410.655876:ERROR:child_process_sandbox_support_impl_linux.cc(79)] FontService unique font name matching request did not receive a response.
Dec 28, 2019 10:04:10.65 [9755:1:1228/100410.656788:ERROR:child_process_sandbox_support_impl_linux.cc(79)] FontService unique font name matching request did not receive a response.
Dec 28, 2019 10:04:10.71 [9755:1:1228/100410.717691:ERROR:child_process_sandbox_support_impl_linux.cc(79)] FontService unique font name matching request did not receive a response.
Dec 28, 2019 10:04:10.71 [9755:1:1228/100410.718247:ERROR:child_process_sandbox_support_impl_linux.cc(79)] FontService unique font name matching request did not receive a response.
Dec 28, 2019 10:04:10.85 [9755:1:1228/100410.852973:ERROR:child_process_sandbox_support_impl_linux.cc(79)] FontService unique font name matching request did not receive a response.
Dec 28, 2019 10:04:10.85 [9755:1:1228/100410.853709:ERROR:child_process_sandbox_support_impl_linux.cc(79)] FontService unique font name matching request did not receive a response.
Dec 28, 2019 10:04:11.84 [9755:1:1228/100411.846808:ERROR:child_process_sandbox_support_impl_linux.cc(79)] FontService unique font name matching request did not receive a response.
Dec 28, 2019 10:04:11.84 [9755:1:1228/100411.847565:ERROR:child_process_sandbox_support_impl_linux.cc(79)] FontService unique font name matching request did not receive a response.
Dec 28, 2019 10:04:11.86 [9755:1:1228/100411.863641:ERROR:child_process_sandbox_support_impl_linux.cc(79)] FontService unique font name matching request did not receive a response.
Dec 28, 2019 10:04:11.86 [9755:1:1228/100411.864511:ERROR:child_process_sandbox_support_impl_linux.cc(79)] FontService unique font name matching request did not receive a response.
Dec 28, 2019 10:09:18.89 Opening in existing browser session.
Dec 28, 2019 10:16:14.95 Opening in existing browser session.
Dec 28, 2019 10:19:37.93 Opening in existing browser session.
Dec 28, 2019 10:23:00.08 Opening in existing browser session.
Dec 28, 2019 10:24:40.62 Opening in existing browser session.
Dec 28, 2019 10:26:56.24 Opening in existing browser session.
